# JRE version: OpenJDK Runtime Environment (11.0.10) (build 11.0.10+0-b96-7249189)
# Java VM: OpenJDK 64-Bit Server VM (11.0.10+0-b96-7249189, mixed mode, tiered, compressed oops, g1 gc, windows-amd64)
Heap:
 garbage-first heap   total 199680K, used 112459K [0x0000000080000000, 0x0000000100000000)
  region size 1024K, 10 young (10240K), 4 survivors (4096K)
 Metaspace       used 96903K, capacity 99427K, committed 99620K, reserved 1136640K
  class space    used 12585K, capacity 13499K, committed 13568K, reserved 1048576K
GC Heap History (20 events):
Event: 27.597 GC heap before
{Heap before GC invocations=40 (full 0):
 garbage-first heap   total 138240K, used 103331K [0x0000000080000000, 0x0000000100000000)
  region size 1024K, 42 young (43008K), 3 survivors (3072K)
 Metaspace       used 81873K, capacity 83950K, committed 84004K, reserved 1122304K
  class space    used 10541K, capacity 11264K, committed 11264K, reserved 1048576K
}
Event: 27.606 GC heap after
{Heap after GC invocations=41 (full 0):
 garbage-first heap   total 138240K, used 66769K [0x0000000080000000, 0x0000000100000000)
  region size 1024K, 5 young (5120K), 5 survivors (5120K)
 Metaspace       used 81873K, capacity 83950K, committed 84004K, reserved 1122304K
  class space    used 10541K, capacity 11264K, committed 11264K, reserved 1048576K
}
Event: 29.175 GC heap before
{Heap before GC invocations=41 (full 0):
 garbage-first heap   total 138240K, used 109777K [0x0000000080000000, 0x0000000100000000)
  region size 1024K, 48 young (49152K), 5 survivors (5120K)
 Metaspace       used 83326K, capacity 85492K, committed 85796K, reserved 1124352K
  class space    used 10697K, capacity 11464K, committed 11520K, reserved 1048576K
}
Event: 29.190 GC heap after
{Heap after GC invocations=42 (full 0):
 garbage-first heap   total 138240K, used 69145K [0x0000000080000000, 0x0000000100000000)
  region size 1024K, 5 young (5120K), 5 survivors (5120K)
 Metaspace       used 83326K, capacity 85492K, committed 85796K, reserved 1124352K
  class space    used 10697K, capacity 11464K, committed 11520K, reserved 1048576K
}
Event: 29.892 GC heap before
{Heap before GC invocations=43 (full 0):
 garbage-first heap   total 138240K, used 111129K [0x0000000080000000, 0x0000000100000000)
  region size 1024K, 47 young (48128K), 5 survivors (5120K)
 Metaspace       used 84926K, capacity 87067K, committed 87332K, reserved 1124352K
  class space    used 10905K, capacity 11689K, committed 11776K, reserved 1048576K
}
Event: 29.905 GC heap after
{Heap after GC invocations=44 (full 0):
 garbage-first heap   total 138240K, used 70702K [0x0000000080000000, 0x0000000100000000)
  region size 1024K, 4 young (4096K), 4 survivors (4096K)
 Metaspace       used 84926K, capacity 87067K, committed 87332K, reserved 1124352K
  class space    used 10905K, capacity 11689K, committed 11776K, reserved 1048576K
}
Event: 30.362 GC heap before
{Heap before GC invocations=44 (full 0):
 garbage-first heap   total 138240K, used 93230K [0x0000000080000000, 0x0000000100000000)
  region size 1024K, 28 young (28672K), 4 survivors (4096K)
 Metaspace       used 86030K, capacity 88166K, committed 88484K, reserved 1126400K
  class space    used 11049K, capacity 11798K, committed 11904K, reserved 1048576K
}
Event: 30.371 GC heap after
{Heap after GC invocations=45 (full 0):
 garbage-first heap   total 138240K, used 71608K [0x0000000080000000, 0x0000000100000000)
  region size 1024K, 3 young (3072K), 3 survivors (3072K)
 Metaspace       used 86030K, capacity 88166K, committed 88484K, reserved 1126400K
  class space    used 11049K, capacity 11798K, committed 11904K, reserved 1048576K
}
Event: 31.113 GC heap before
{Heap before GC invocations=46 (full 0):
 garbage-first heap   total 138240K, used 110520K [0x0000000080000000, 0x0000000100000000)
  region size 1024K, 41 young (41984K), 3 survivors (3072K)
 Metaspace       used 87132K, capacity 89269K, committed 89380K, reserved 1126400K
  class space    used 11178K, capacity 11951K, committed 12032K, reserved 1048576K
}
Event: 31.132 GC heap after
{Heap after GC invocations=47 (full 0):
 garbage-first heap   total 138240K, used 79872K [0x0000000080000000, 0x0000000100000000)
  region size 1024K, 5 young (5120K), 5 survivors (5120K)
 Metaspace       used 87132K, capacity 89269K, committed 89380K, reserved 1126400K
  class space    used 11178K, capacity 11951K, committed 12032K, reserved 1048576K
}
Event: 31.618 GC heap before
{Heap before GC invocations=47 (full 0):
 garbage-first heap   total 138240K, used 110592K [0x0000000080000000, 0x0000000100000000)
  region size 1024K, 36 young (36864K), 5 survivors (5120K)
 Metaspace       used 88902K, capacity 91018K, committed 91172K, reserved 1128448K
  class space    used 11404K, capacity 12172K, committed 12288K, reserved 1048576K
}
Event: 31.636 GC heap after
{Heap after GC invocations=48 (full 0):
 garbage-first heap   total 165888K, used 86476K [0x0000000080000000, 0x0000000100000000)
  region size 1024K, 5 young (5120K), 5 survivors (5120K)
 Metaspace       used 88902K, capacity 91018K, committed 91172K, reserved 1128448K
  class space    used 11404K, capacity 12172K, committed 12288K, reserved 1048576K
}
Event: 32.779 GC heap before
{Heap before GC invocations=49 (full 0):
 garbage-first heap   total 165888K, used 124364K [0x0000000080000000, 0x0000000100000000)
  region size 1024K, 42 young (43008K), 5 survivors (5120K)
 Metaspace       used 90925K, capacity 93156K, committed 93476K, reserved 1130496K
  class space    used 11677K, capacity 12459K, committed 12544K, reserved 1048576K
}
Event: 32.805 GC heap after
{Heap after GC invocations=50 (full 0):
 garbage-first heap   total 165888K, used 91902K [0x0000000080000000, 0x0000000100000000)
  region size 1024K, 6 young (6144K), 6 survivors (6144K)
 Metaspace       used 90925K, capacity 93156K, committed 93476K, reserved 1130496K
  class space    used 11677K, capacity 12459K, committed 12544K, reserved 1048576K
}
Event: 33.410 GC heap before
{Heap before GC invocations=50 (full 0):
 garbage-first heap   total 165888K, used 126718K [0x0000000080000000, 0x0000000100000000)
  region size 1024K, 41 young (41984K), 6 survivors (6144K)
 Metaspace       used 92760K, capacity 95025K, committed 95268K, reserved 1132544K
  class space    used 11923K, capacity 12718K, committed 12800K, reserved 1048576K
}
Event: 33.437 GC heap after
{Heap after GC invocations=51 (full 0):
 garbage-first heap   total 165888K, used 98509K [0x0000000080000000, 0x0000000100000000)
  region size 1024K, 6 young (6144K), 6 survivors (6144K)
 Metaspace       used 92760K, capacity 95025K, committed 95268K, reserved 1132544K
  class space    used 11923K, capacity 12718K, committed 12800K, reserved 1048576K
}
Event: 34.259 GC heap before
{Heap before GC invocations=52 (full 0):
 garbage-first heap   total 165888K, used 130253K [0x0000000080000000, 0x0000000100000000)
  region size 1024K, 37 young (37888K), 6 survivors (6144K)
 Metaspace       used 94279K, capacity 96656K, committed 96932K, reserved 1132544K
  class space    used 12216K, capacity 13078K, committed 13184K, reserved 1048576K
}
Event: 34.282 GC heap after
{Heap after GC invocations=53 (full 0):
 garbage-first heap   total 165888K, used 103988K [0x0000000080000000, 0x0000000100000000)
  region size 1024K, 5 young (5120K), 5 survivors (5120K)
 Metaspace       used 94279K, capacity 96656K, committed 96932K, reserved 1132544K
  class space    used 12216K, capacity 13078K, committed 13184K, reserved 1048576K
}
Event: 35.243 GC heap before
{Heap before GC invocations=53 (full 0):
 garbage-first heap   total 165888K, used 132660K [0x0000000080000000, 0x0000000100000000)
  region size 1024K, 34 young (34816K), 5 survivors (5120K)
 Metaspace       used 96757K, capacity 99293K, committed 99364K, reserved 1134592K
  class space    used 12583K, capacity 13499K, committed 13568K, reserved 1048576K
}
Event: 35.261 GC heap after
{Heap after GC invocations=54 (full 0):
 garbage-first heap   total 199680K, used 107339K [0x0000000080000000, 0x0000000100000000)
  region size 1024K, 4 young (4096K), 4 survivors (4096K)
 Metaspace       used 96757K, capacity 99293K, committed 99364K, reserved 1134592K
  class space    used 12583K, capacity 13499K, committed 13568K, reserved 1048576K
}

