# JRE version: OpenJDK Runtime Environment (11.0.10) (build 11.0.10+0-b96-7249189)
# Java VM: OpenJDK 64-Bit Server VM (11.0.10+0-b96-7249189, mixed mode, tiered, compressed oops, g1 gc, windows-amd64)
Heap:
 garbage-first heap   total 239616K, used 125225K [0x0000000080000000, 0x0000000100000000)
  region size 1024K, 5 young (5120K), 5 survivors (5120K)
 Metaspace       used 112221K, capacity 115205K, committed 115504K, reserved 1148928K
  class space    used 14064K, capacity 15186K, committed 15232K, reserved 1048576K
GC Heap History (20 events):
Event: 54.311 GC heap after
{Heap after GC invocations=73 (full 0):
 garbage-first heap   total 165888K, used 96971K [0x0000000080000000, 0x0000000100000000)
  region size 1024K, 6 young (6144K), 6 survivors (6144K)
 Metaspace       used 100059K, capacity 102468K, committed 102576K, reserved 1138688K
  class space    used 12397K, capacity 13238K, committed 13312K, reserved 1048576K
}
Event: 55.332 GC heap before
{Heap before GC invocations=73 (full 0):
 garbage-first heap   total 165888K, used 133835K [0x0000000080000000, 0x0000000100000000)
  region size 1024K, 43 young (44032K), 6 survivors (6144K)
 Metaspace       used 103217K, capacity 105642K, committed 105904K, reserved 1140736K
  class space    used 12833K, capacity 13705K, committed 13824K, reserved 1048576K
}
Event: 55.346 GC heap after
{Heap after GC invocations=74 (full 0):
 garbage-first heap   total 165888K, used 100607K [0x0000000080000000, 0x0000000100000000)
  region size 1024K, 6 young (6144K), 6 survivors (6144K)
 Metaspace       used 103217K, capacity 105642K, committed 105904K, reserved 1140736K
  class space    used 12833K, capacity 13705K, committed 13824K, reserved 1048576K
}
Event: 56.095 GC heap before
{Heap before GC invocations=75 (full 0):
 garbage-first heap   total 165888K, used 134399K [0x0000000080000000, 0x0000000100000000)
  region size 1024K, 39 young (39936K), 6 survivors (6144K)
 Metaspace       used 104105K, capacity 106653K, committed 106800K, reserved 1142784K
  class space    used 12951K, capacity 13868K, committed 13952K, reserved 1048576K
}
Event: 56.116 GC heap after
{Heap after GC invocations=76 (full 0):
 garbage-first heap   total 165888K, used 106496K [0x0000000080000000, 0x0000000100000000)
  region size 1024K, 5 young (5120K), 5 survivors (5120K)
 Metaspace       used 104105K, capacity 106653K, committed 106800K, reserved 1142784K
  class space    used 12951K, capacity 13868K, committed 13952K, reserved 1048576K
}
Event: 56.144 GC heap before
{Heap before GC invocations=76 (full 0):
 garbage-first heap   total 165888K, used 109568K [0x0000000080000000, 0x0000000100000000)
  region size 1024K, 8 young (8192K), 5 survivors (5120K)
 Metaspace       used 104263K, capacity 106845K, committed 107056K, reserved 1142784K
  class space    used 12973K, capacity 13868K, committed 13952K, reserved 1048576K
}
Event: 56.160 GC heap after
{Heap after GC invocations=77 (full 0):
 garbage-first heap   total 165888K, used 103022K [0x0000000080000000, 0x0000000100000000)
  region size 1024K, 1 young (1024K), 1 survivors (1024K)
 Metaspace       used 104263K, capacity 106845K, committed 107056K, reserved 1142784K
  class space    used 12973K, capacity 13868K, committed 13952K, reserved 1048576K
}
Event: 56.756 GC heap before
{Heap before GC invocations=77 (full 0):
 garbage-first heap   total 165888K, used 133742K [0x0000000080000000, 0x0000000100000000)
  region size 1024K, 31 young (31744K), 1 survivors (1024K)
 Metaspace       used 106085K, capacity 108735K, committed 108848K, reserved 1144832K
  class space    used 13233K, capacity 14183K, committed 14208K, reserved 1048576K
}
Event: 56.770 GC heap after
{Heap after GC invocations=78 (full 0):
 garbage-first heap   total 165888K, used 108544K [0x0000000080000000, 0x0000000100000000)
  region size 1024K, 4 young (4096K), 4 survivors (4096K)
 Metaspace       used 106085K, capacity 108735K, committed 108848K, reserved 1144832K
  class space    used 13233K, capacity 14183K, committed 14208K, reserved 1048576K
}
Event: 57.881 GC heap before
{Heap before GC invocations=78 (full 0):
 garbage-first heap   total 165888K, used 135168K [0x0000000080000000, 0x0000000100000000)
  region size 1024K, 30 young (30720K), 4 survivors (4096K)
 Metaspace       used 107846K, capacity 110554K, committed 110768K, reserved 1144832K
  class space    used 13560K, capacity 14579K, committed 14592K, reserved 1048576K
}
Event: 57.903 GC heap after
{Heap after GC invocations=79 (full 0):
 garbage-first heap   total 199680K, used 112730K [0x0000000080000000, 0x0000000100000000)
  region size 1024K, 4 young (4096K), 4 survivors (4096K)
 Metaspace       used 107846K, capacity 110554K, committed 110768K, reserved 1144832K
  class space    used 13560K, capacity 14579K, committed 14592K, reserved 1048576K
}
Event: 59.048 GC heap before
{Heap before GC invocations=79 (full 0):
 garbage-first heap   total 199680K, used 149594K [0x0000000080000000, 0x0000000100000000)
  region size 1024K, 40 young (40960K), 4 survivors (4096K)
 Metaspace       used 109433K, capacity 112235K, committed 112304K, reserved 1146880K
  class space    used 13752K, capacity 14782K, committed 14848K, reserved 1048576K
}
Event: 59.064 GC heap after
{Heap after GC invocations=80 (full 0):
 garbage-first heap   total 199680K, used 116624K [0x0000000080000000, 0x0000000100000000)
  region size 1024K, 4 young (4096K), 4 survivors (4096K)
 Metaspace       used 109433K, capacity 112235K, committed 112304K, reserved 1146880K
  class space    used 13752K, capacity 14782K, committed 14848K, reserved 1048576K
}
Event: 60.188 GC heap before
{Heap before GC invocations=80 (full 0):
 garbage-first heap   total 199680K, used 152464K [0x0000000080000000, 0x0000000100000000)
  region size 1024K, 40 young (40960K), 4 survivors (4096K)
 Metaspace       used 111315K, capacity 114230K, committed 114352K, reserved 1148928K
  class space    used 13969K, capacity 15062K, committed 15104K, reserved 1048576K
}
Event: 60.201 GC heap after
{Heap after GC invocations=81 (full 0):
 garbage-first heap   total 199680K, used 118831K [0x0000000080000000, 0x0000000100000000)
  region size 1024K, 3 young (3072K), 3 survivors (3072K)
 Metaspace       used 111315K, capacity 114230K, committed 114352K, reserved 1148928K
  class space    used 13969K, capacity 15062K, committed 15104K, reserved 1048576K
}
Event: 60.846 GC heap before
{Heap before GC invocations=81 (full 0):
 garbage-first heap   total 199680K, used 156719K [0x0000000080000000, 0x0000000100000000)
  region size 1024K, 40 young (40960K), 3 survivors (3072K)
 Metaspace       used 111869K, capacity 114801K, committed 114992K, reserved 1148928K
  class space    used 14042K, capacity 15141K, committed 15232K, reserved 1048576K
}
Event: 60.856 GC heap after
{Heap after GC invocations=82 (full 0):
 garbage-first heap   total 199680K, used 120545K [0x0000000080000000, 0x0000000100000000)
  region size 1024K, 4 young (4096K), 4 survivors (4096K)
 Metaspace       used 111869K, capacity 114801K, committed 114992K, reserved 1148928K
  class space    used 14042K, capacity 15141K, committed 15232K, reserved 1048576K
}
Event: 61.187 GC heap before
{Heap before GC invocations=82 (full 0):
 garbage-first heap   total 199680K, used 159457K [0x0000000080000000, 0x0000000100000000)
  region size 1024K, 42 young (43008K), 4 survivors (4096K)
 Metaspace       used 112104K, capacity 115069K, committed 115248K, reserved 1148928K
  class space    used 14042K, capacity 15141K, committed 15232K, reserved 1048576K
}
Event: 61.202 GC heap after
{Heap after GC invocations=83 (full 0):
 garbage-first heap   total 199680K, used 123528K [0x0000000080000000, 0x0000000100000000)
  region size 1024K, 6 young (6144K), 6 survivors (6144K)
 Metaspace       used 112104K, capacity 115069K, committed 115248K, reserved 1148928K
  class space    used 14042K, capacity 15141K, committed 15232K, reserved 1048576K
}
Event: 61.672 GC heap before
{Heap before GC invocations=83 (full 0):
 garbage-first heap   total 199680K, used 161416K [0x0000000080000000, 0x0000000100000000)
  region size 1024K, 43 young (44032K), 6 survivors (6144K)
 Metaspace       used 112221K, capacity 115205K, committed 115504K, reserved 1148928K
  class space    used 14064K, capacity 15186K, committed 15232K, reserved 1048576K
}

