# JRE version: OpenJDK Runtime Environment (11.0.10) (build 11.0.10+0-b96-7249189)
# Java VM: OpenJDK 64-Bit Server VM (11.0.10+0-b96-7249189, mixed mode, tiered, compressed oops, g1 gc, windows-amd64)
Heap:
 garbage-first heap   total 114688K, used 63312K [0x0000000080000000, 0x0000000100000000)
  region size 1024K, 13 young (13312K), 4 survivors (4096K)
 Metaspace       used 72638K, capacity 74284K, committed 74492K, reserved 1114112K
  class space    used 9394K, capacity 9988K, committed 10112K, reserved 1048576K
GC Heap History (20 events):
Event: 19.691 GC heap before
{Heap before GC invocations=31 (full 0):
 garbage-first heap   total 78848K, used 57717K [0x0000000080000000, 0x0000000100000000)
  region size 1024K, 17 young (17408K), 2 survivors (2048K)
 Metaspace       used 54385K, capacity 55718K, committed 55932K, reserved 1097728K
  class space    used 6896K, capacity 7390K, committed 7424K, reserved 1048576K
}
Event: 19.695 GC heap after
{Heap after GC invocations=32 (full 0):
 garbage-first heap   total 78848K, used 42825K [0x0000000080000000, 0x0000000100000000)
  region size 1024K, 2 young (2048K), 2 survivors (2048K)
 Metaspace       used 54385K, capacity 55718K, committed 55932K, reserved 1097728K
  class space    used 6896K, capacity 7390K, committed 7424K, reserved 1048576K
}
Event: 21.076 GC heap before
{Heap before GC invocations=32 (full 0):
 garbage-first heap   total 78848K, used 59209K [0x0000000080000000, 0x0000000100000000)
  region size 1024K, 18 young (18432K), 2 survivors (2048K)
 Metaspace       used 57165K, capacity 58541K, committed 58876K, reserved 1099776K
  class space    used 7194K, capacity 7706K, committed 7808K, reserved 1048576K
}
Event: 21.092 GC heap after
{Heap after GC invocations=33 (full 0):
 garbage-first heap   total 78848K, used 43645K [0x0000000080000000, 0x0000000100000000)
  region size 1024K, 3 young (3072K), 3 survivors (3072K)
 Metaspace       used 57165K, capacity 58541K, committed 58876K, reserved 1099776K
  class space    used 7194K, capacity 7706K, committed 7808K, reserved 1048576K
}
Event: 21.883 GC heap before
{Heap before GC invocations=34 (full 0):
 garbage-first heap   total 78848K, used 60029K [0x0000000080000000, 0x0000000100000000)
  region size 1024K, 19 young (19456K), 3 survivors (3072K)
 Metaspace       used 60199K, capacity 61635K, committed 61820K, reserved 1103872K
  class space    used 7582K, capacity 8121K, committed 8192K, reserved 1048576K
}
Event: 21.893 GC heap after
{Heap after GC invocations=35 (full 0):
 garbage-first heap   total 78848K, used 45344K [0x0000000080000000, 0x0000000100000000)
  region size 1024K, 3 young (3072K), 3 survivors (3072K)
 Metaspace       used 60199K, capacity 61635K, committed 61820K, reserved 1103872K
  class space    used 7582K, capacity 8121K, committed 8192K, reserved 1048576K
}
Event: 22.247 GC heap before
{Heap before GC invocations=35 (full 0):
 garbage-first heap   total 78848K, used 60704K [0x0000000080000000, 0x0000000100000000)
  region size 1024K, 19 young (19456K), 3 survivors (3072K)
 Metaspace       used 61053K, capacity 62572K, committed 62716K, reserved 1103872K
  class space    used 7681K, capacity 8218K, committed 8320K, reserved 1048576K
}
Event: 22.256 GC heap after
{Heap after GC invocations=36 (full 0):
 garbage-first heap   total 95232K, used 47055K [0x0000000080000000, 0x0000000100000000)
  region size 1024K, 3 young (3072K), 3 survivors (3072K)
 Metaspace       used 61053K, capacity 62572K, committed 62716K, reserved 1103872K
  class space    used 7681K, capacity 8218K, committed 8320K, reserved 1048576K
}
Event: 22.739 GC heap before
{Heap before GC invocations=37 (full 0):
 garbage-first heap   total 95232K, used 68559K [0x0000000080000000, 0x0000000100000000)
  region size 1024K, 24 young (24576K), 3 survivors (3072K)
 Metaspace       used 63251K, capacity 64713K, committed 65020K, reserved 1105920K
  class space    used 7968K, capacity 8521K, committed 8576K, reserved 1048576K
}
Event: 22.746 GC heap after
{Heap after GC invocations=38 (full 0):
 garbage-first heap   total 95232K, used 48395K [0x0000000080000000, 0x0000000100000000)
  region size 1024K, 2 young (2048K), 2 survivors (2048K)
 Metaspace       used 63251K, capacity 64713K, committed 65020K, reserved 1105920K
  class space    used 7968K, capacity 8521K, committed 8576K, reserved 1048576K
}
Event: 22.799 GC heap before
{Heap before GC invocations=38 (full 0):
 garbage-first heap   total 95232K, used 50443K [0x0000000080000000, 0x0000000100000000)
  region size 1024K, 5 young (5120K), 2 survivors (2048K)
 Metaspace       used 63527K, capacity 65074K, committed 65276K, reserved 1105920K
  class space    used 8000K, capacity 8555K, committed 8576K, reserved 1048576K
}
Event: 22.802 GC heap after
{Heap after GC invocations=39 (full 0):
 garbage-first heap   total 95232K, used 48777K [0x0000000080000000, 0x0000000100000000)
  region size 1024K, 2 young (2048K), 2 survivors (2048K)
 Metaspace       used 63527K, capacity 65074K, committed 65276K, reserved 1105920K
  class space    used 8000K, capacity 8555K, committed 8576K, reserved 1048576K
}
Event: 23.363 GC heap before
{Heap before GC invocations=40 (full 0):
 garbage-first heap   total 95232K, used 71305K [0x0000000080000000, 0x0000000100000000)
  region size 1024K, 23 young (23552K), 2 survivors (2048K)
 Metaspace       used 64385K, capacity 65960K, committed 66172K, reserved 1107968K
  class space    used 8130K, capacity 8696K, committed 8704K, reserved 1048576K
}
Event: 23.370 GC heap after
{Heap after GC invocations=41 (full 0):
 garbage-first heap   total 95232K, used 50474K [0x0000000080000000, 0x0000000100000000)
  region size 1024K, 3 young (3072K), 3 survivors (3072K)
 Metaspace       used 64385K, capacity 65960K, committed 66172K, reserved 1107968K
  class space    used 8130K, capacity 8696K, committed 8704K, reserved 1048576K
}
Event: 23.797 GC heap before
{Heap before GC invocations=41 (full 0):
 garbage-first heap   total 95232K, used 70954K [0x0000000080000000, 0x0000000100000000)
  region size 1024K, 23 young (23552K), 3 survivors (3072K)
 Metaspace       used 65878K, capacity 67502K, committed 67708K, reserved 1107968K
  class space    used 8320K, capacity 8890K, committed 8960K, reserved 1048576K
}
Event: 23.807 GC heap after
{Heap after GC invocations=42 (full 0):
 garbage-first heap   total 95232K, used 52176K [0x0000000080000000, 0x0000000100000000)
  region size 1024K, 2 young (2048K), 2 survivors (2048K)
 Metaspace       used 65878K, capacity 67502K, committed 67708K, reserved 1107968K
  class space    used 8320K, capacity 8890K, committed 8960K, reserved 1048576K
}
Event: 24.387 GC heap before
{Heap before GC invocations=43 (full 0):
 garbage-first heap   total 95232K, used 72656K [0x0000000080000000, 0x0000000100000000)
  region size 1024K, 22 young (22528K), 2 survivors (2048K)
 Metaspace       used 68760K, capacity 70364K, committed 70524K, reserved 1110016K
  class space    used 8841K, capacity 9415K, committed 9472K, reserved 1048576K
}
Event: 24.393 GC heap after
{Heap after GC invocations=44 (full 0):
 garbage-first heap   total 114688K, used 53217K [0x0000000080000000, 0x0000000100000000)
  region size 1024K, 3 young (3072K), 3 survivors (3072K)
 Metaspace       used 68760K, capacity 70364K, committed 70524K, reserved 1110016K
  class space    used 8841K, capacity 9415K, committed 9472K, reserved 1048576K
}
Event: 25.271 GC heap before
{Heap before GC invocations=44 (full 0):
 garbage-first heap   total 114688K, used 82913K [0x0000000080000000, 0x0000000100000000)
  region size 1024K, 32 young (32768K), 3 survivors (3072K)
 Metaspace       used 71612K, capacity 73292K, committed 73468K, reserved 1114112K
  class space    used 9235K, capacity 9828K, committed 9856K, reserved 1048576K
}
Event: 25.280 GC heap after
{Heap after GC invocations=45 (full 0):
 garbage-first heap   total 114688K, used 55120K [0x0000000080000000, 0x0000000100000000)
  region size 1024K, 4 young (4096K), 4 survivors (4096K)
 Metaspace       used 71612K, capacity 73292K, committed 73468K, reserved 1114112K
  class space    used 9235K, capacity 9828K, committed 9856K, reserved 1048576K
}

