# JRE version: OpenJDK Runtime Environment (11.0.10) (build 11.0.10+0-b96-7249189)
# Java VM: OpenJDK 64-Bit Server VM (11.0.10+0-b96-7249189, mixed mode, tiered, compressed oops, g1 gc, windows-amd64)
Heap:
 garbage-first heap   total 199680K, used 153781K [0x0000000080000000, 0x0000000100000000)
  region size 1024K, 5 young (5120K), 2 survivors (2048K)
 Metaspace       used 117364K, capacity 120552K, committed 120832K, reserved 1155072K
  class space    used 14662K, capacity 15824K, committed 15872K, reserved 1048576K
GC Heap History (20 events):
Event: 24.737 GC heap before
{Heap before GC invocations=41 (full 0):
 garbage-first heap   total 199680K, used 124825K [0x0000000080000000, 0x0000000100000000)
  region size 1024K, 36 young (36864K), 8 survivors (8192K)
 Metaspace       used 100494K, capacity 103000K, committed 103168K, reserved 1138688K
  class space    used 12835K, capacity 13705K, committed 13824K, reserved 1048576K
}
Event: 24.754 GC heap after
{Heap after GC invocations=42 (full 0):
 garbage-first heap   total 199680K, used 99798K [0x0000000080000000, 0x0000000100000000)
  region size 1024K, 6 young (6144K), 6 survivors (6144K)
 Metaspace       used 100494K, capacity 103000K, committed 103168K, reserved 1138688K
  class space    used 12835K, capacity 13705K, committed 13824K, reserved 1048576K
}
Event: 29.974 GC heap before
{Heap before GC invocations=43 (full 0):
 garbage-first heap   total 199680K, used 161238K [0x0000000080000000, 0x0000000100000000)
  region size 1024K, 66 young (67584K), 6 survivors (6144K)
 Metaspace       used 101427K, capacity 103955K, committed 104192K, reserved 1140736K
  class space    used 12897K, capacity 13772K, committed 13824K, reserved 1048576K
}
Event: 29.993 GC heap after
{Heap after GC invocations=44 (full 0):
 garbage-first heap   total 199680K, used 103815K [0x0000000080000000, 0x0000000100000000)
  region size 1024K, 6 young (6144K), 6 survivors (6144K)
 Metaspace       used 101427K, capacity 103955K, committed 104192K, reserved 1140736K
  class space    used 12897K, capacity 13772K, committed 13824K, reserved 1048576K
}
Event: 32.439 GC heap before
{Heap before GC invocations=44 (full 0):
 garbage-first heap   total 199680K, used 163207K [0x0000000080000000, 0x0000000100000000)
  region size 1024K, 64 young (65536K), 6 survivors (6144K)
 Metaspace       used 106066K, capacity 108947K, committed 109056K, reserved 1144832K
  class space    used 13500K, capacity 14531K, committed 14592K, reserved 1048576K
}
Event: 32.452 GC heap after
{Heap after GC invocations=45 (full 0):
 garbage-first heap   total 199680K, used 106607K [0x0000000080000000, 0x0000000100000000)
  region size 1024K, 7 young (7168K), 7 survivors (7168K)
 Metaspace       used 106066K, capacity 108947K, committed 109056K, reserved 1144832K
  class space    used 13500K, capacity 14531K, committed 14592K, reserved 1048576K
}
Event: 35.300 GC heap before
{Heap before GC invocations=46 (full 0):
 garbage-first heap   total 199680K, used 164975K [0x0000000080000000, 0x0000000100000000)
  region size 1024K, 64 young (65536K), 7 survivors (7168K)
 Metaspace       used 110229K, capacity 113145K, committed 113408K, reserved 1146880K
  class space    used 13988K, capacity 15075K, committed 15104K, reserved 1048576K
}
Event: 35.323 GC heap after
{Heap after GC invocations=47 (full 0):
 garbage-first heap   total 199680K, used 109481K [0x0000000080000000, 0x0000000100000000)
  region size 1024K, 6 young (6144K), 6 survivors (6144K)
 Metaspace       used 110229K, capacity 113145K, committed 113408K, reserved 1146880K
  class space    used 13988K, capacity 15075K, committed 15104K, reserved 1048576K
}
Event: 762.949 GC heap before
{Heap before GC invocations=47 (full 0):
 garbage-first heap   total 199680K, used 165801K [0x0000000080000000, 0x0000000100000000)
  region size 1024K, 62 young (63488K), 6 survivors (6144K)
 Metaspace       used 113390K, capacity 116474K, committed 116736K, reserved 1150976K
  class space    used 14223K, capacity 15332K, committed 15360K, reserved 1048576K
}
Event: 763.125 GC heap after
{Heap after GC invocations=48 (full 0):
 garbage-first heap   total 199680K, used 113249K [0x0000000080000000, 0x0000000100000000)
  region size 1024K, 7 young (7168K), 7 survivors (7168K)
 Metaspace       used 113390K, capacity 116474K, committed 116736K, reserved 1150976K
  class space    used 14223K, capacity 15332K, committed 15360K, reserved 1048576K
}
Event: 766.313 GC heap before
{Heap before GC invocations=49 (full 0):
 garbage-first heap   total 199680K, used 159329K [0x0000000080000000, 0x0000000100000000)
  region size 1024K, 54 young (55296K), 7 survivors (7168K)
 Metaspace       used 115322K, capacity 118445K, committed 118528K, reserved 1153024K
  class space    used 14486K, capacity 15593K, committed 15616K, reserved 1048576K
}
Event: 766.345 GC heap after
{Heap after GC invocations=50 (full 0):
 garbage-first heap   total 199680K, used 117295K [0x0000000080000000, 0x0000000100000000)
  region size 1024K, 8 young (8192K), 8 survivors (8192K)
 Metaspace       used 115322K, capacity 118445K, committed 118528K, reserved 1153024K
  class space    used 14486K, capacity 15593K, committed 15616K, reserved 1048576K
}
Event: 769.410 GC heap before
{Heap before GC invocations=51 (full 0):
 garbage-first heap   total 199680K, used 167471K [0x0000000080000000, 0x0000000100000000)
  region size 1024K, 56 young (57344K), 8 survivors (8192K)
 Metaspace       used 116399K, capacity 119539K, committed 119680K, reserved 1153024K
  class space    used 14577K, capacity 15700K, committed 15744K, reserved 1048576K
}
Event: 769.555 GC heap after
{Heap after GC invocations=52 (full 0):
 garbage-first heap   total 199680K, used 133571K [0x0000000080000000, 0x0000000100000000)
  region size 1024K, 7 young (7168K), 7 survivors (7168K)
 Metaspace       used 116399K, capacity 119539K, committed 119680K, reserved 1153024K
  class space    used 14577K, capacity 15700K, committed 15744K, reserved 1048576K
}
Event: 770.152 GC heap before
{Heap before GC invocations=52 (full 0):
 garbage-first heap   total 199680K, used 139715K [0x0000000080000000, 0x0000000100000000)
  region size 1024K, 15 young (15360K), 7 survivors (7168K)
 Metaspace       used 116412K, capacity 119539K, committed 119680K, reserved 1153024K
  class space    used 14577K, capacity 15700K, committed 15744K, reserved 1048576K
}
Event: 770.348 GC heap after
{Heap after GC invocations=53 (full 0):
 garbage-first heap   total 199680K, used 138579K [0x0000000080000000, 0x0000000100000000)
  region size 1024K, 4 young (4096K), 4 survivors (4096K)
 Metaspace       used 116412K, capacity 119539K, committed 119680K, reserved 1153024K
  class space    used 14577K, capacity 15700K, committed 15744K, reserved 1048576K
}
Event: 771.904 GC heap before
{Heap before GC invocations=54 (full 0):
 garbage-first heap   total 199680K, used 161107K [0x0000000080000000, 0x0000000100000000)
  region size 1024K, 23 young (23552K), 4 survivors (4096K)
 Metaspace       used 116494K, capacity 119667K, committed 119936K, reserved 1153024K
  class space    used 14577K, capacity 15700K, committed 15744K, reserved 1048576K
}
Event: 771.925 GC heap after
{Heap after GC invocations=55 (full 0):
 garbage-first heap   total 199680K, used 146865K [0x0000000080000000, 0x0000000100000000)
  region size 1024K, 3 young (3072K), 3 survivors (3072K)
 Metaspace       used 116494K, capacity 119667K, committed 119936K, reserved 1153024K
  class space    used 14577K, capacity 15700K, committed 15744K, reserved 1048576K
}
Event: 772.712 GC heap before
{Heap before GC invocations=55 (full 0):
 garbage-first heap   total 199680K, used 153009K [0x0000000080000000, 0x0000000100000000)
  region size 1024K, 9 young (9216K), 3 survivors (3072K)
 Metaspace       used 116553K, capacity 119670K, committed 119936K, reserved 1153024K
  class space    used 14582K, capacity 15701K, committed 15744K, reserved 1048576K
}
Event: 772.732 GC heap after
{Heap after GC invocations=56 (full 0):
 garbage-first heap   total 199680K, used 148452K [0x0000000080000000, 0x0000000100000000)
  region size 1024K, 2 young (2048K), 2 survivors (2048K)
 Metaspace       used 116553K, capacity 119670K, committed 119936K, reserved 1153024K
  class space    used 14582K, capacity 15701K, committed 15744K, reserved 1048576K
}

