# JRE version: OpenJDK Runtime Environment (11.0.10) (build 11.0.10+0-b96-7249189)
# Java VM: OpenJDK 64-Bit Server VM (11.0.10+0-b96-7249189, mixed mode, tiered, compressed oops, g1 gc, windows-amd64)
Heap:
 garbage-first heap   total 78848K, used 23345K [0x0000000080000000, 0x0000000100000000)
  region size 1024K, 8 young (8192K), 5 survivors (5120K)
 Metaspace       used 31759K, capacity 32489K, committed 32560K, reserved 1077248K
  class space    used 4185K, capacity 4472K, committed 4480K, reserved 1048576K
GC Heap History (18 events):
Event: 1.043 GC heap before
{Heap before GC invocations=0 (full 0):
 garbage-first heap   total 65536K, used 19456K [0x0000000080000000, 0x0000000100000000)
  region size 1024K, 14 young (14336K), 0 survivors (0K)
 Metaspace       used 6740K, capacity 6925K, committed 7168K, reserved 1056768K
  class space    used 582K, capacity 650K, committed 768K, reserved 1048576K
}
Event: 1.050 GC heap after
{Heap after GC invocations=1 (full 0):
 garbage-first heap   total 65536K, used 7903K [0x0000000080000000, 0x0000000100000000)
  region size 1024K, 2 young (2048K), 2 survivors (2048K)
 Metaspace       used 6740K, capacity 6925K, committed 7168K, reserved 1056768K
  class space    used 582K, capacity 650K, committed 768K, reserved 1048576K
}
Event: 1.690 GC heap before
{Heap before GC invocations=1 (full 0):
 garbage-first heap   total 65536K, used 19167K [0x0000000080000000, 0x0000000100000000)
  region size 1024K, 13 young (13312K), 2 survivors (2048K)
 Metaspace       used 9833K, capacity 10054K, committed 10112K, reserved 1058816K
  class space    used 1022K, capacity 1102K, committed 1152K, reserved 1048576K
}
Event: 1.697 GC heap after
{Heap after GC invocations=2 (full 0):
 garbage-first heap   total 65536K, used 9021K [0x0000000080000000, 0x0000000100000000)
  region size 1024K, 2 young (2048K), 2 survivors (2048K)
 Metaspace       used 9833K, capacity 10054K, committed 10112K, reserved 1058816K
  class space    used 1022K, capacity 1102K, committed 1152K, reserved 1048576K
}
Event: 2.552 GC heap before
{Heap before GC invocations=2 (full 0):
 garbage-first heap   total 65536K, used 31549K [0x0000000080000000, 0x0000000100000000)
  region size 1024K, 24 young (24576K), 2 survivors (2048K)
 Metaspace       used 10743K, capacity 11007K, committed 11264K, reserved 1058816K
  class space    used 1123K, capacity 1206K, committed 1280K, reserved 1048576K
}
Event: 2.557 GC heap after
{Heap after GC invocations=3 (full 0):
 garbage-first heap   total 65536K, used 9541K [0x0000000080000000, 0x0000000100000000)
  region size 1024K, 2 young (2048K), 2 survivors (2048K)
 Metaspace       used 10743K, capacity 11007K, committed 11264K, reserved 1058816K
  class space    used 1123K, capacity 1206K, committed 1280K, reserved 1048576K
}
Event: 3.798 GC heap before
{Heap before GC invocations=3 (full 0):
 garbage-first heap   total 65536K, used 43333K [0x0000000080000000, 0x0000000100000000)
  region size 1024K, 35 young (35840K), 2 survivors (2048K)
 Metaspace       used 14569K, capacity 14930K, committed 15104K, reserved 1062912K
  class space    used 1662K, capacity 1792K, committed 1792K, reserved 1048576K
}
Event: 3.810 GC heap after
{Heap after GC invocations=4 (full 0):
 garbage-first heap   total 65536K, used 14984K [0x0000000080000000, 0x0000000100000000)
  region size 1024K, 5 young (5120K), 5 survivors (5120K)
 Metaspace       used 14569K, capacity 14930K, committed 15104K, reserved 1062912K
  class space    used 1662K, capacity 1792K, committed 1792K, reserved 1048576K
}
Event: 5.040 GC heap before
{Heap before GC invocations=4 (full 0):
 garbage-first heap   total 65536K, used 40584K [0x0000000080000000, 0x0000000100000000)
  region size 1024K, 30 young (30720K), 5 survivors (5120K)
 Metaspace       used 19091K, capacity 19520K, committed 19712K, reserved 1067008K
  class space    used 2302K, capacity 2436K, committed 2560K, reserved 1048576K
}
Event: 5.049 GC heap after
{Heap after GC invocations=5 (full 0):
 garbage-first heap   total 65536K, used 16934K [0x0000000080000000, 0x0000000100000000)
  region size 1024K, 2 young (2048K), 2 survivors (2048K)
 Metaspace       used 19091K, capacity 19520K, committed 19712K, reserved 1067008K
  class space    used 2302K, capacity 2436K, committed 2560K, reserved 1048576K
}
Event: 5.383 GC heap before
{Heap before GC invocations=5 (full 0):
 garbage-first heap   total 65536K, used 28198K [0x0000000080000000, 0x0000000100000000)
  region size 1024K, 14 young (14336K), 2 survivors (2048K)
 Metaspace       used 20637K, capacity 21154K, committed 21296K, reserved 1069056K
  class space    used 2513K, capacity 2688K, committed 2688K, reserved 1048576K
}
Event: 5.389 GC heap after
{Heap after GC invocations=6 (full 0):
 garbage-first heap   total 78848K, used 17282K [0x0000000080000000, 0x0000000100000000)
  region size 1024K, 2 young (2048K), 2 survivors (2048K)
 Metaspace       used 20637K, capacity 21154K, committed 21296K, reserved 1069056K
  class space    used 2513K, capacity 2688K, committed 2688K, reserved 1048576K
}
Event: 5.994 GC heap before
{Heap before GC invocations=7 (full 0):
 garbage-first heap   total 78848K, used 48002K [0x0000000080000000, 0x0000000100000000)
  region size 1024K, 32 young (32768K), 2 survivors (2048K)
 Metaspace       used 23583K, capacity 24213K, committed 24496K, reserved 1071104K
  class space    used 3000K, capacity 3222K, committed 3328K, reserved 1048576K
}
Event: 5.999 GC heap after
{Heap after GC invocations=8 (full 0):
 garbage-first heap   total 78848K, used 18018K [0x0000000080000000, 0x0000000100000000)
  region size 1024K, 3 young (3072K), 3 survivors (3072K)
 Metaspace       used 23583K, capacity 24213K, committed 24496K, reserved 1071104K
  class space    used 3000K, capacity 3222K, committed 3328K, reserved 1048576K
}
Event: 7.538 GC heap before
{Heap before GC invocations=8 (full 0):
 garbage-first heap   total 78848K, used 50786K [0x0000000080000000, 0x0000000100000000)
  region size 1024K, 35 young (35840K), 3 survivors (3072K)
 Metaspace       used 26685K, capacity 27331K, committed 27568K, reserved 1073152K
  class space    used 3513K, capacity 3755K, committed 3840K, reserved 1048576K
}
Event: 7.548 GC heap after
{Heap after GC invocations=9 (full 0):
 garbage-first heap   total 78848K, used 19383K [0x0000000080000000, 0x0000000100000000)
  region size 1024K, 4 young (4096K), 4 survivors (4096K)
 Metaspace       used 26685K, capacity 27331K, committed 27568K, reserved 1073152K
  class space    used 3513K, capacity 3755K, committed 3840K, reserved 1048576K
}
Event: 9.650 GC heap before
{Heap before GC invocations=9 (full 0):
 garbage-first heap   total 78848K, used 53175K [0x0000000080000000, 0x0000000100000000)
  region size 1024K, 37 young (37888K), 4 survivors (4096K)
 Metaspace       used 31022K, capacity 31718K, committed 31792K, reserved 1077248K
  class space    used 4143K, capacity 4407K, committed 4480K, reserved 1048576K
}
Event: 9.659 GC heap after
{Heap after GC invocations=10 (full 0):
 garbage-first heap   total 78848K, used 21297K [0x0000000080000000, 0x0000000100000000)
  region size 1024K, 5 young (5120K), 5 survivors (5120K)
 Metaspace       used 31022K, capacity 31718K, committed 31792K, reserved 1077248K
  class space    used 4143K, capacity 4407K, committed 4480K, reserved 1048576K
}

