# JRE version: OpenJDK Runtime Environment (11.0.10) (build 11.0.10+0-b96-7249189)
# Java VM: OpenJDK 64-Bit Server VM (11.0.10+0-b96-7249189, mixed mode, tiered, compressed oops, g1 gc, windows-amd64)
Heap:
 garbage-first heap   total 138240K, used 65022K [0x0000000080000000, 0x0000000100000000)
  region size 1024K, 5 young (5120K), 3 survivors (3072K)
 Metaspace       used 81120K, capacity 83153K, committed 83312K, reserved 1122304K
  class space    used 10489K, capacity 11213K, committed 11340K, reserved 1048576K
GC Heap History (20 events):
Event: 15.452 GC heap after
{Heap after GC invocations=17 (full 0):
 garbage-first heap   total 95232K, used 40809K [0x0000000080000000, 0x0000000100000000)
  region size 1024K, 6 young (6144K), 6 survivors (6144K)
 Metaspace       used 49251K, capacity 50595K, committed 50684K, reserved 1093632K
  class space    used 6286K, capacity 6728K, committed 6784K, reserved 1048576K
}
Event: 16.341 GC heap before
{Heap before GC invocations=17 (full 0):
 garbage-first heap   total 95232K, used 73577K [0x0000000080000000, 0x0000000100000000)
  region size 1024K, 38 young (38912K), 6 survivors (6144K)
 Metaspace       used 54127K, capacity 55587K, committed 55676K, reserved 1097728K
  class space    used 6863K, capacity 7369K, committed 7424K, reserved 1048576K
}
Event: 16.349 GC heap after
{Heap after GC invocations=18 (full 0):
 garbage-first heap   total 95232K, used 42623K [0x0000000080000000, 0x0000000100000000)
  region size 1024K, 2 young (2048K), 2 survivors (2048K)
 Metaspace       used 54127K, capacity 55587K, committed 55676K, reserved 1097728K
  class space    used 6863K, capacity 7369K, committed 7424K, reserved 1048576K
}
Event: 16.878 GC heap before
{Heap before GC invocations=18 (full 0):
 garbage-first heap   total 95232K, used 67199K [0x0000000080000000, 0x0000000100000000)
  region size 1024K, 27 young (27648K), 2 survivors (2048K)
 Metaspace       used 58411K, capacity 59834K, committed 59940K, reserved 1101824K
  class space    used 7367K, capacity 7906K, committed 7936K, reserved 1048576K
}
Event: 16.885 GC heap after
{Heap after GC invocations=19 (full 0):
 garbage-first heap   total 95232K, used 43423K [0x0000000080000000, 0x0000000100000000)
  region size 1024K, 3 young (3072K), 3 survivors (3072K)
 Metaspace       used 58411K, capacity 59834K, committed 59940K, reserved 1101824K
  class space    used 7367K, capacity 7906K, committed 7936K, reserved 1048576K
}
Event: 17.483 GC heap before
{Heap before GC invocations=20 (full 0):
 garbage-first heap   total 95232K, used 74143K [0x0000000080000000, 0x0000000100000000)
  region size 1024K, 34 young (34816K), 3 survivors (3072K)
 Metaspace       used 61770K, capacity 63260K, committed 63472K, reserved 1103872K
  class space    used 7781K, capacity 8318K, committed 8396K, reserved 1048576K
}
Event: 17.493 GC heap after
{Heap after GC invocations=21 (full 0):
 garbage-first heap   total 95232K, used 46568K [0x0000000080000000, 0x0000000100000000)
  region size 1024K, 5 young (5120K), 5 survivors (5120K)
 Metaspace       used 61770K, capacity 63260K, committed 63472K, reserved 1103872K
  class space    used 7781K, capacity 8318K, committed 8396K, reserved 1048576K
}
Event: 18.042 GC heap before
{Heap before GC invocations=22 (full 0):
 garbage-first heap   total 95232K, used 77288K [0x0000000080000000, 0x0000000100000000)
  region size 1024K, 34 young (34816K), 5 survivors (5120K)
 Metaspace       used 64219K, capacity 65724K, committed 65904K, reserved 1105920K
  class space    used 8120K, capacity 8660K, committed 8780K, reserved 1048576K
}
Event: 18.054 GC heap after
{Heap after GC invocations=23 (full 0):
 garbage-first heap   total 95232K, used 48831K [0x0000000080000000, 0x0000000100000000)
  region size 1024K, 3 young (3072K), 3 survivors (3072K)
 Metaspace       used 64219K, capacity 65724K, committed 65904K, reserved 1105920K
  class space    used 8120K, capacity 8660K, committed 8780K, reserved 1048576K
}
Event: 18.364 GC heap before
{Heap before GC invocations=23 (full 0):
 garbage-first heap   total 95232K, used 76479K [0x0000000080000000, 0x0000000100000000)
  region size 1024K, 30 young (30720K), 3 survivors (3072K)
 Metaspace       used 65503K, capacity 67050K, committed 67312K, reserved 1107968K
  class space    used 8276K, capacity 8826K, committed 8908K, reserved 1048576K
}
Event: 18.373 GC heap after
{Heap after GC invocations=24 (full 0):
 garbage-first heap   total 95232K, used 51385K [0x0000000080000000, 0x0000000100000000)
  region size 1024K, 4 young (4096K), 4 survivors (4096K)
 Metaspace       used 65503K, capacity 67050K, committed 67312K, reserved 1107968K
  class space    used 8276K, capacity 8826K, committed 8908K, reserved 1048576K
}
Event: 18.934 GC heap before
{Heap before GC invocations=25 (full 0):
 garbage-first heap   total 95232K, used 75961K [0x0000000080000000, 0x0000000100000000)
  region size 1024K, 29 young (29696K), 4 survivors (4096K)
 Metaspace       used 68935K, capacity 70551K, committed 70768K, reserved 1110016K
  class space    used 8869K, capacity 9479K, committed 9548K, reserved 1048576K
}
Event: 18.944 GC heap after
{Heap after GC invocations=26 (full 0):
 garbage-first heap   total 114688K, used 53286K [0x0000000080000000, 0x0000000100000000)
  region size 1024K, 2 young (2048K), 2 survivors (2048K)
 Metaspace       used 68935K, capacity 70551K, committed 70768K, reserved 1110016K
  class space    used 8869K, capacity 9479K, committed 9548K, reserved 1048576K
}
Event: 19.748 GC heap before
{Heap before GC invocations=26 (full 0):
 garbage-first heap   total 114688K, used 88102K [0x0000000080000000, 0x0000000100000000)
  region size 1024K, 36 young (36864K), 2 survivors (2048K)
 Metaspace       used 72443K, capacity 74184K, committed 74352K, reserved 1114112K
  class space    used 9366K, capacity 9956K, committed 10060K, reserved 1048576K
}
Event: 19.756 GC heap after
{Heap after GC invocations=27 (full 0):
 garbage-first heap   total 114688K, used 55017K [0x0000000080000000, 0x0000000100000000)
  region size 1024K, 4 young (4096K), 4 survivors (4096K)
 Metaspace       used 72443K, capacity 74184K, committed 74352K, reserved 1114112K
  class space    used 9366K, capacity 9956K, committed 10060K, reserved 1048576K
}
Event: 20.463 GC heap before
{Heap before GC invocations=28 (full 0):
 garbage-first heap   total 114688K, used 89833K [0x0000000080000000, 0x0000000100000000)
  region size 1024K, 38 young (38912K), 4 survivors (4096K)
 Metaspace       used 76449K, capacity 78201K, committed 78448K, reserved 1118208K
  class space    used 9908K, capacity 10531K, committed 10572K, reserved 1048576K
}
Event: 20.473 GC heap after
{Heap after GC invocations=29 (full 0):
 garbage-first heap   total 114688K, used 57312K [0x0000000080000000, 0x0000000100000000)
  region size 1024K, 5 young (5120K), 5 survivors (5120K)
 Metaspace       used 76449K, capacity 78201K, committed 78448K, reserved 1118208K
  class space    used 9908K, capacity 10531K, committed 10572K, reserved 1048576K
}
Event: 21.124 GC heap before
{Heap before GC invocations=29 (full 0):
 garbage-first heap   total 114688K, used 90080K [0x0000000080000000, 0x0000000100000000)
  region size 1024K, 38 young (38912K), 5 survivors (5120K)
 Metaspace       used 79510K, capacity 81407K, committed 81648K, reserved 1120256K
  class space    used 10246K, capacity 10917K, committed 10956K, reserved 1048576K
}
Event: 21.142 GC heap after
{Heap after GC invocations=30 (full 0):
 garbage-first heap   total 114688K, used 61182K [0x0000000080000000, 0x0000000100000000)
  region size 1024K, 5 young (5120K), 5 survivors (5120K)
 Metaspace       used 79510K, capacity 81407K, committed 81648K, reserved 1120256K
  class space    used 10246K, capacity 10917K, committed 10956K, reserved 1048576K
}
Event: 22.372 GC heap before
{Heap before GC invocations=31 (full 0):
 garbage-first heap   total 114688K, used 91902K [0x0000000080000000, 0x0000000100000000)
  region size 1024K, 36 young (36864K), 5 survivors (5120K)
 Metaspace       used 81080K, capacity 83085K, committed 83184K, reserved 1122304K
  class space    used 10485K, capacity 11212K, committed 11212K, reserved 1048576K
}

