# JRE version: OpenJDK Runtime Environment (11.0.10) (build 11.0.10+0-b96-7249189)
# Java VM: OpenJDK 64-Bit Server VM (11.0.10+0-b96-7249189, mixed mode, tiered, compressed oops, g1 gc, windows-amd64)
Heap:
 garbage-first heap   total 167936K, used 93768K [0x0000000080000000, 0x0000000100000000)
  region size 1024K, 7 young (7168K), 6 survivors (6144K)
 Metaspace       used 93053K, capacity 95347K, committed 95524K, reserved 1132544K
  class space    used 11885K, capacity 12694K, committed 12800K, reserved 1048576K
GC Heap History (20 events):
Event: 29.060 GC heap before
{Heap before GC invocations=34 (full 0):
 garbage-first heap   total 138240K, used 77690K [0x0000000080000000, 0x0000000100000000)
  region size 1024K, 17 young (17408K), 4 survivors (4096K)
 Metaspace       used 82030K, capacity 84097K, committed 84132K, reserved 1122304K
  class space    used 10600K, capacity 11367K, committed 11392K, reserved 1048576K
}
Event: 29.068 GC heap after
{Heap after GC invocations=35 (full 0):
 garbage-first heap   total 138240K, used 65665K [0x0000000080000000, 0x0000000100000000)
  region size 1024K, 4 young (4096K), 4 survivors (4096K)
 Metaspace       used 82030K, capacity 84097K, committed 84132K, reserved 1122304K
  class space    used 10600K, capacity 11367K, committed 11392K, reserved 1048576K
}
Event: 31.958 GC heap before
{Heap before GC invocations=36 (full 0):
 garbage-first heap   total 138240K, used 102529K [0x0000000080000000, 0x0000000100000000)
  region size 1024K, 40 young (40960K), 4 survivors (4096K)
 Metaspace       used 83099K, capacity 85168K, committed 85284K, reserved 1124352K
  class space    used 10702K, capacity 11467K, committed 11520K, reserved 1048576K
}
Event: 32.060 GC heap after
{Heap after GC invocations=37 (full 0):
 garbage-first heap   total 138240K, used 82234K [0x0000000080000000, 0x0000000100000000)
  region size 1024K, 6 young (6144K), 6 survivors (6144K)
 Metaspace       used 83099K, capacity 85168K, committed 85284K, reserved 1124352K
  class space    used 10702K, capacity 11467K, committed 11520K, reserved 1048576K
}
Event: 33.457 GC heap before
{Heap before GC invocations=38 (full 0):
 garbage-first heap   total 138240K, used 122170K [0x0000000080000000, 0x0000000100000000)
  region size 1024K, 31 young (31744K), 6 survivors (6144K)
 Metaspace       used 84925K, capacity 87118K, committed 87332K, reserved 1124352K
  class space    used 10902K, capacity 11693K, committed 11776K, reserved 1048576K
}
Event: 33.472 GC heap after
{Heap after GC invocations=39 (full 0):
 garbage-first heap   total 138240K, used 84210K [0x0000000080000000, 0x0000000100000000)
  region size 1024K, 2 young (2048K), 2 survivors (2048K)
 Metaspace       used 84925K, capacity 87118K, committed 87332K, reserved 1124352K
  class space    used 10902K, capacity 11693K, committed 11776K, reserved 1048576K
}
Event: 34.238 GC heap before
{Heap before GC invocations=39 (full 0):
 garbage-first heap   total 138240K, used 108786K [0x0000000080000000, 0x0000000100000000)
  region size 1024K, 27 young (27648K), 2 survivors (2048K)
 Metaspace       used 85516K, capacity 87648K, committed 87844K, reserved 1126400K
  class space    used 10951K, capacity 11734K, committed 11776K, reserved 1048576K
}
Event: 34.249 GC heap after
{Heap after GC invocations=40 (full 0):
 garbage-first heap   total 167936K, used 85084K [0x0000000080000000, 0x0000000100000000)
  region size 1024K, 3 young (3072K), 3 survivors (3072K)
 Metaspace       used 85516K, capacity 87648K, committed 87844K, reserved 1126400K
  class space    used 10951K, capacity 11734K, committed 11776K, reserved 1048576K
}
Event: 36.140 GC heap before
{Heap before GC invocations=41 (full 0):
 garbage-first heap   total 167936K, used 122972K [0x0000000080000000, 0x0000000100000000)
  region size 1024K, 41 young (41984K), 3 survivors (3072K)
 Metaspace       used 86909K, capacity 89062K, committed 89252K, reserved 1126400K
  class space    used 11095K, capacity 11877K, committed 11904K, reserved 1048576K
}
Event: 36.154 GC heap after
{Heap after GC invocations=42 (full 0):
 garbage-first heap   total 167936K, used 86640K [0x0000000080000000, 0x0000000100000000)
  region size 1024K, 5 young (5120K), 5 survivors (5120K)
 Metaspace       used 86909K, capacity 89062K, committed 89252K, reserved 1126400K
  class space    used 11095K, capacity 11877K, committed 11904K, reserved 1048576K
}
Event: 36.273 GC heap before
{Heap before GC invocations=42 (full 0):
 garbage-first heap   total 167936K, used 89712K [0x0000000080000000, 0x0000000100000000)
  region size 1024K, 8 young (8192K), 5 survivors (5120K)
 Metaspace       used 87037K, capacity 89222K, committed 89380K, reserved 1126400K
  class space    used 11111K, capacity 11909K, committed 12032K, reserved 1048576K
}
Event: 36.281 GC heap after
{Heap after GC invocations=43 (full 0):
 garbage-first heap   total 167936K, used 83120K [0x0000000080000000, 0x0000000100000000)
  region size 1024K, 1 young (1024K), 1 survivors (1024K)
 Metaspace       used 87037K, capacity 89222K, committed 89380K, reserved 1126400K
  class space    used 11111K, capacity 11909K, committed 12032K, reserved 1048576K
}
Event: 36.901 GC heap before
{Heap before GC invocations=43 (full 0):
 garbage-first heap   total 167936K, used 124080K [0x0000000080000000, 0x0000000100000000)
  region size 1024K, 42 young (43008K), 1 survivors (1024K)
 Metaspace       used 88553K, capacity 90717K, committed 90788K, reserved 1128448K
  class space    used 11312K, capacity 12106K, committed 12160K, reserved 1048576K
}
Event: 36.907 GC heap after
{Heap after GC invocations=44 (full 0):
 garbage-first heap   total 167936K, used 84190K [0x0000000080000000, 0x0000000100000000)
  region size 1024K, 2 young (2048K), 2 survivors (2048K)
 Metaspace       used 88553K, capacity 90717K, committed 90788K, reserved 1128448K
  class space    used 11312K, capacity 12106K, committed 12160K, reserved 1048576K
}
Event: 37.973 GC heap before
{Heap before GC invocations=45 (full 0):
 garbage-first heap   total 167936K, used 123102K [0x0000000080000000, 0x0000000100000000)
  region size 1024K, 45 young (46080K), 2 survivors (2048K)
 Metaspace       used 90085K, capacity 92204K, committed 92452K, reserved 1130496K
  class space    used 11508K, capacity 12280K, committed 12288K, reserved 1048576K
}
Event: 37.984 GC heap after
{Heap after GC invocations=46 (full 0):
 garbage-first heap   total 167936K, used 84920K [0x0000000080000000, 0x0000000100000000)
  region size 1024K, 6 young (6144K), 6 survivors (6144K)
 Metaspace       used 90085K, capacity 92204K, committed 92452K, reserved 1130496K
  class space    used 11508K, capacity 12280K, committed 12288K, reserved 1048576K
}
Event: 38.082 GC heap before
{Heap before GC invocations=46 (full 0):
 garbage-first heap   total 167936K, used 85944K [0x0000000080000000, 0x0000000100000000)
  region size 1024K, 8 young (8192K), 6 survivors (6144K)
 Metaspace       used 90112K, capacity 92274K, committed 92452K, reserved 1130496K
  class space    used 11512K, capacity 12282K, committed 12288K, reserved 1048576K
}
Event: 38.090 GC heap after
{Heap after GC invocations=47 (full 0):
 garbage-first heap   total 167936K, used 84747K [0x0000000080000000, 0x0000000100000000)
  region size 1024K, 1 young (1024K), 1 survivors (1024K)
 Metaspace       used 90112K, capacity 92274K, committed 92452K, reserved 1130496K
  class space    used 11512K, capacity 12282K, committed 12288K, reserved 1048576K
}
Event: 39.216 GC heap before
{Heap before GC invocations=47 (full 0):
 garbage-first heap   total 167936K, used 126731K [0x0000000080000000, 0x0000000100000000)
  region size 1024K, 43 young (44032K), 1 survivors (1024K)
 Metaspace       used 92993K, capacity 95248K, committed 95396K, reserved 1132544K
  class space    used 11879K, capacity 12661K, committed 12672K, reserved 1048576K
}
Event: 39.228 GC heap after
{Heap after GC invocations=48 (full 0):
 garbage-first heap   total 167936K, used 93768K [0x0000000080000000, 0x0000000100000000)
  region size 1024K, 6 young (6144K), 6 survivors (6144K)
 Metaspace       used 92993K, capacity 95248K, committed 95396K, reserved 1132544K
  class space    used 11879K, capacity 12661K, committed 12672K, reserved 1048576K
}

