# JRE version: OpenJDK Runtime Environment (11.0.10) (build 11.0.10+0-b96-7249189)
# Java VM: OpenJDK 64-Bit Server VM (11.0.10+0-b96-7249189, mixed mode, tiered, compressed oops, g1 gc, windows-amd64)
Heap:
 garbage-first heap   total 319488K, used 158644K [0x0000000080000000, 0x0000000100000000)
  region size 1024K, 45 young (46080K), 9 survivors (9216K)
 Metaspace       used 100724K, capacity 103459K, committed 103588K, reserved 1138688K
  class space    used 12955K, capacity 13952K, committed 13952K, reserved 1048576K
GC Heap History (20 events):
Event: 37.826 GC heap before
{Heap before GC invocations=57 (full 0):
 garbage-first heap   total 169984K, used 124928K [0x0000000080000000, 0x0000000100000000)
  region size 1024K, 29 young (29696K), 3 survivors (3072K)
 Metaspace       used 94397K, capacity 96814K, committed 96932K, reserved 1132544K
  class space    used 12226K, capacity 13115K, committed 13184K, reserved 1048576K
}
Event: 37.843 GC heap after
{Heap after GC invocations=58 (full 0):
 garbage-first heap   total 169984K, used 102594K [0x0000000080000000, 0x0000000100000000)
  region size 1024K, 4 young (4096K), 4 survivors (4096K)
 Metaspace       used 94397K, capacity 96814K, committed 96932K, reserved 1132544K
  class space    used 12226K, capacity 13115K, committed 13184K, reserved 1048576K
}
Event: 38.154 GC heap before
{Heap before GC invocations=59 (full 0):
 garbage-first heap   total 169984K, used 127170K [0x0000000080000000, 0x0000000100000000)
  region size 1024K, 29 young (29696K), 4 survivors (4096K)
 Metaspace       used 95599K, capacity 98131K, committed 98212K, reserved 1134592K
  class space    used 12436K, capacity 13362K, committed 13440K, reserved 1048576K
}
Event: 38.171 GC heap after
{Heap after GC invocations=60 (full 0):
 garbage-first heap   total 169984K, used 106650K [0x0000000080000000, 0x0000000100000000)
  region size 1024K, 4 young (4096K), 4 survivors (4096K)
 Metaspace       used 95599K, capacity 98131K, committed 98212K, reserved 1134592K
  class space    used 12436K, capacity 13362K, committed 13440K, reserved 1048576K
}
Event: 38.607 GC heap before
{Heap before GC invocations=60 (full 0):
 garbage-first heap   total 169984K, used 132250K [0x0000000080000000, 0x0000000100000000)
  region size 1024K, 29 young (29696K), 4 survivors (4096K)
 Metaspace       used 96853K, capacity 99371K, committed 99620K, reserved 1136640K
  class space    used 12599K, capacity 13528K, committed 13568K, reserved 1048576K
}
Event: 38.620 GC heap after
{Heap after GC invocations=61 (full 0):
 garbage-first heap   total 169984K, used 109135K [0x0000000080000000, 0x0000000100000000)
  region size 1024K, 3 young (3072K), 3 survivors (3072K)
 Metaspace       used 96853K, capacity 99371K, committed 99620K, reserved 1136640K
  class space    used 12599K, capacity 13528K, committed 13568K, reserved 1048576K
}
Event: 39.219 GC heap before
{Heap before GC invocations=62 (full 0):
 garbage-first heap   total 169984K, used 133711K [0x0000000080000000, 0x0000000100000000)
  region size 1024K, 28 young (28672K), 3 survivors (3072K)
 Metaspace       used 97600K, capacity 100065K, committed 100388K, reserved 1136640K
  class space    used 12631K, capacity 13535K, committed 13568K, reserved 1048576K
}
Event: 39.234 GC heap after
{Heap after GC invocations=63 (full 0):
 garbage-first heap   total 264192K, used 110746K [0x0000000080000000, 0x0000000100000000)
  region size 1024K, 2 young (2048K), 2 survivors (2048K)
 Metaspace       used 97600K, capacity 100065K, committed 100388K, reserved 1136640K
  class space    used 12631K, capacity 13535K, committed 13568K, reserved 1048576K
}
Event: 40.313 GC heap before
{Heap before GC invocations=63 (full 0):
 garbage-first heap   total 264192K, used 170138K [0x0000000080000000, 0x0000000100000000)
  region size 1024K, 60 young (61440K), 2 survivors (2048K)
 Metaspace       used 98160K, capacity 100740K, committed 101028K, reserved 1136640K
  class space    used 12684K, capacity 13628K, committed 13696K, reserved 1048576K
}
Event: 40.327 GC heap after
{Heap after GC invocations=64 (full 0):
 garbage-first heap   total 264192K, used 112303K [0x0000000080000000, 0x0000000100000000)
  region size 1024K, 4 young (4096K), 4 survivors (4096K)
 Metaspace       used 98160K, capacity 100740K, committed 101028K, reserved 1136640K
  class space    used 12684K, capacity 13628K, committed 13696K, reserved 1048576K
}
Event: 41.706 GC heap before
{Heap before GC invocations=64 (full 0):
 garbage-first heap   total 264192K, used 192175K [0x0000000080000000, 0x0000000100000000)
  region size 1024K, 82 young (83968K), 4 survivors (4096K)
 Metaspace       used 99810K, capacity 102458K, committed 102564K, reserved 1138688K
  class space    used 12904K, capacity 13897K, committed 13952K, reserved 1048576K
}
Event: 41.721 GC heap after
{Heap after GC invocations=65 (full 0):
 garbage-first heap   total 264192K, used 113964K [0x0000000080000000, 0x0000000100000000)
  region size 1024K, 5 young (5120K), 5 survivors (5120K)
 Metaspace       used 99810K, capacity 102458K, committed 102564K, reserved 1138688K
  class space    used 12904K, capacity 13897K, committed 13952K, reserved 1048576K
}
Event: 43.887 GC heap before
{Heap before GC invocations=65 (full 0):
 garbage-first heap   total 264192K, used 205100K [0x0000000080000000, 0x0000000100000000)
  region size 1024K, 95 young (97280K), 5 survivors (5120K)
 Metaspace       used 100130K, capacity 102747K, committed 102820K, reserved 1138688K
  class space    used 12929K, capacity 13904K, committed 13952K, reserved 1048576K
}
Event: 43.917 GC heap after
{Heap after GC invocations=66 (full 0):
 garbage-first heap   total 264192K, used 119691K [0x0000000080000000, 0x0000000100000000)
  region size 1024K, 11 young (11264K), 11 survivors (11264K)
 Metaspace       used 100130K, capacity 102747K, committed 102820K, reserved 1138688K
  class space    used 12929K, capacity 13904K, committed 13952K, reserved 1048576K
}
Event: 45.702 GC heap before
{Heap before GC invocations=66 (full 0):
 garbage-first heap   total 264192K, used 209803K [0x0000000080000000, 0x0000000100000000)
  region size 1024K, 99 young (101376K), 11 survivors (11264K)
 Metaspace       used 100416K, capacity 103083K, committed 103332K, reserved 1138688K
  class space    used 12946K, capacity 13945K, committed 13952K, reserved 1048576K
}
Event: 45.735 GC heap after
{Heap after GC invocations=67 (full 0):
 garbage-first heap   total 319488K, used 121657K [0x0000000080000000, 0x0000000100000000)
  region size 1024K, 8 young (8192K), 8 survivors (8192K)
 Metaspace       used 100416K, capacity 103083K, committed 103332K, reserved 1138688K
  class space    used 12946K, capacity 13945K, committed 13952K, reserved 1048576K
}
Event: 48.483 GC heap before
{Heap before GC invocations=67 (full 0):
 garbage-first heap   total 319488K, used 234297K [0x0000000080000000, 0x0000000100000000)
  region size 1024K, 118 young (120832K), 8 survivors (8192K)
 Metaspace       used 100526K, capacity 103229K, committed 103332K, reserved 1138688K
  class space    used 12953K, capacity 13948K, committed 13952K, reserved 1048576K
}
Event: 48.495 GC heap after
{Heap after GC invocations=68 (full 0):
 garbage-first heap   total 319488K, used 120618K [0x0000000080000000, 0x0000000100000000)
  region size 1024K, 7 young (7168K), 7 survivors (7168K)
 Metaspace       used 100526K, capacity 103229K, committed 103332K, reserved 1138688K
  class space    used 12953K, capacity 13948K, committed 13952K, reserved 1048576K
}
Event: 50.618 GC heap before
{Heap before GC invocations=68 (full 0):
 garbage-first heap   total 319488K, used 265002K [0x0000000080000000, 0x0000000100000000)
  region size 1024K, 148 young (151552K), 7 survivors (7168K)
 Metaspace       used 100581K, capacity 103293K, committed 103332K, reserved 1138688K
  class space    used 12953K, capacity 13948K, committed 13952K, reserved 1048576K
}
Event: 50.634 GC heap after
{Heap after GC invocations=69 (full 0):
 garbage-first heap   total 319488K, used 122804K [0x0000000080000000, 0x0000000100000000)
  region size 1024K, 9 young (9216K), 9 survivors (9216K)
 Metaspace       used 100581K, capacity 103293K, committed 103332K, reserved 1138688K
  class space    used 12953K, capacity 13948K, committed 13952K, reserved 1048576K
}

